<?xml version="1.0" encoding="UTF-8"?>
<!-- Generated by org.testng.reporters.JUnitXMLReporter -->
<testsuite ignored="0" hostname="LIN76003578" failures="0" tests="3" name="Default test" time="12.335" errors="0" timestamp="2024-03-06T11:49:45 IST">
  <testcase classname="com.test.annotation.JsonWithAnnotation" name="CustomerLogin" time="1.167"/>
  <testcase classname="com.test.annotation.JsonWithAnnotation" name="CustomerLogin" time="0.65"/>
  <testcase classname="com.test.annotation.JsonWithAnnotation" name="CustomerLogin" time="0.754"/>
</testsuite> <!-- Default test -->
