<?xml version="1.0" encoding="UTF-8"?>
<testng-results ignored="0" total="3" passed="3" failed="0" skipped="0">
  <reporter-output>
  </reporter-output>
  <suite started-at="2024-03-06T11:49:32 IST" name="Default suite" finished-at="2024-03-06T11:49:45 IST" duration-ms="12335">
    <groups>
    </groups>
    <test started-at="2024-03-06T11:49:32 IST" name="Default test" finished-at="2024-03-06T11:49:45 IST" duration-ms="12335">
      <class name="com.test.annotation.JsonWithAnnotation">
        <test-method is-config="true" signature="openApplication()[pri:0, instance:com.test.annotation.JsonWithAnnotation@7fd50002]" started-at="2024-03-06T11:49:33 IST" name="openApplication" finished-at="2024-03-06T11:49:42 IST" duration-ms="9490" status="PASS">
          <reporter-output>
          </reporter-output>
        </test-method> <!-- openApplication -->
        <test-method signature="CustomerLogin(java.lang.String)[pri:0, instance:com.test.annotation.JsonWithAnnotation@7fd50002]" started-at="2024-03-06T11:49:42 IST" name="CustomerLogin" data-provider="dp" finished-at="2024-03-06T11:49:43 IST" duration-ms="1167" status="PASS">
          <params>
            <param index="0">
              <value>
                <![CDATA[null,Test@123]]>
              </value>
            </param>
          </params>
          <reporter-output>
          </reporter-output>
        </test-method> <!-- CustomerLogin -->
        <test-method signature="CustomerLogin(java.lang.String)[pri:0, instance:com.test.annotation.JsonWithAnnotation@7fd50002]" started-at="2024-03-06T11:49:43 IST" name="CustomerLogin" data-provider="dp" finished-at="2024-03-06T11:49:44 IST" duration-ms="650" status="PASS">
          <params>
            <param index="0">
              <value>
                <![CDATA[null,Test@12]]>
              </value>
            </param>
          </params>
          <reporter-output>
          </reporter-output>
        </test-method> <!-- CustomerLogin -->
        <test-method signature="CustomerLogin(java.lang.String)[pri:0, instance:com.test.annotation.JsonWithAnnotation@7fd50002]" started-at="2024-03-06T11:49:44 IST" name="CustomerLogin" data-provider="dp" finished-at="2024-03-06T11:49:45 IST" duration-ms="754" status="PASS">
          <params>
            <param index="0">
              <value>
                <![CDATA[null,adn]]>
              </value>
            </param>
          </params>
          <reporter-output>
          </reporter-output>
        </test-method> <!-- CustomerLogin -->
        <test-method is-config="true" signature="teardown()[pri:0, instance:com.test.annotation.JsonWithAnnotation@7fd50002]" started-at="2024-03-06T11:49:45 IST" name="teardown" finished-at="2024-03-06T11:49:45 IST" duration-ms="216" status="PASS">
          <reporter-output>
          </reporter-output>
        </test-method> <!-- teardown -->
      </class> <!-- com.test.annotation.JsonWithAnnotation -->
    </test> <!-- Default test -->
  </suite> <!-- Default suite -->
</testng-results>
